<?xml version="1.0" encoding="utf-8"?>
<coverage line-rate="0.9218000000000001" branch-rate="0.8156" version="1.9" timestamp="1717660552" lines-covered="2252" lines-valid="2443" branches-covered="2089" branches-valid="2561">
  <sources>
    <source>D:\Repos\fluentassertions\fluentassertions.analyzers\src\</source>
    <source>C:\</source>
  </sources>
  <packages>
    <package name="FluentAssertions.Analyzers" line-rate="0.9247" branch-rate="0.8172" complexity="2772">
      <classes>
        <class name="FluentAssertions.Analyzers.AssertAnalyzer" filename="FluentAssertions.Analyzers\Tips\AssertAnalyzer.cs" line-rate="0.9814" branch-rate="0.875" complexity="10">
          <methods>
            <method name="get_SupportedDiagnostics" signature="()" line-rate="1" branch-rate="1" complexity="1">
              <lines>
                <line number="66" hits="15586" branch="False" />
              </lines>
            </method>
            <method name="Initialize" signature="(Microsoft.CodeAnalysis.Diagnostics.AnalysisContext)" line-rate="0.9642000000000001" branch-rate="0.875" complexity="8">
              <lines>
                <line number="70" hits="11536" branch="False" />
                <line number="71" hits="11536" branch="False" />
                <line number="73" hits="11536" branch="False" />
                <line number="74" hits="11536" branch="False" />
                <line number="75" hits="11536" branch="True" condition-coverage="50% (1/2)">
                  <conditions>
                    <condition number="16" type="jump" coverage="50%" />
                  </conditions>
                </line>
                <line number="76" hits="0" branch="False" />
                <line number="77" hits="11536" branch="False" />
                <line number="78" hits="11536" branch="False" />
                <line number="79" hits="11536" branch="False" />
                <line number="80" hits="11536" branch="True" condition-coverage="100% (2/2)">
                  <conditions>
                    <condition number="37" type="jump" coverage="100%" />
                  </conditions>
                </line>
                <line number="81" hits="11536" branch="False" />
                <line number="82" hits="496" branch="False" />
                <line number="83" hits="11536" branch="False" />
                <line number="84" hits="11536" branch="False" />
                <line number="85" hits="11536" branch="True" condition-coverage="100% (2/2)">
                  <conditions>
                    <condition number="74" type="jump" coverage="100%" />
                  </conditions>
                </line>
                <line number="86" hits="11536" branch="False" />
                <line number="87" hits="1522" branch="False" />
                <line number="88" hits="1522" branch="False" />
                <line number="89" hits="11536" branch="False" />
                <line number="90" hits="11536" branch="False" />
                <line number="91" hits="11536" branch="True" condition-coverage="100% (2/2)">
                  <conditions>
                    <condition number="140" type="jump" coverage="100%" />
                  </conditions>
                </line>
                <line number="92" hits="11536" branch="False" />
                <line number="93" hits="7606" branch="False" />
                <line number="94" hits="7606" branch="False" />
                <line number="95" hits="7606" branch="False" />
                <line number="96" hits="11536" branch="False" />
                <line number="97" hits="23072" branch="False" />
                <line number="98" hits="11536" branch="False" />
              </lines>
            </method>
            <method name=".cctor" signature="()" line-rate="1" branch-rate="1" complexity="1">
              <lines>
                <line number="38" hits="1" branch="False" />
                <line number="39" hits="1" branch="False" />
                <line number="40" hits="1" branch="False" />
                <line number="41" hits="1" branch="False" />
                <line number="42" hits="1" branch="False" />
                <line number="43" hits="1" branch="False" />
                <line number="44" hits="1" branch="False" />
                <line number="45" hits="1" branch="False" />
                <line number="46" hits="1" branch="False" />
                <line number="48" hits="1" branch="False" />
                <line number="49" hits="1" branch="False" />
                <line number="50" hits="1" branch="False" />
                <line number="51" hits="1" branch="False" />
                <line number="52" hits="1" branch="False" />
                <line number="53" hits="1" branch="False" />
                <line number="54" hits="1" branch="False" />
                <line number="55" hits="1" branch="False" />
                <line number="57" hits="1" branch="False" />
                <line number="58" hits="1" branch="False" />
                <line number="59" hits="1" branch="False" />
                <line number="60" hits="1" branch="False" />
                <line number="61" hits="1" branch="False" />
                <line number="62" hits="1" branch="False" />
                <line number="63" hits="1" branch="False" />
                <line number="64" hits="1" branch="False" />
              </lines>
            </method>
          </methods>
          <lines>
            <line number="66" hits="15586" branch="False" />
            <line number="70" hits="11536" branch="False" />
            <line number="71" hits="11536" branch="False" />
            <line number="73" hits="11536" branch="False" />
            <line number="74" hits="11536" branch="False" />
            <line number="75" hits="11536" branch="True" condition-coverage="50% (1/2)">
              <conditions>
                <condition number="16" type="jump" coverage="50%" />
              </conditions>
            </line>
            <line number="76" hits="0" branch="False" />
            <line number="77" hits="11536" branch="False" />
            <line number="78" hits="11536" branch="False" />
            <line number="79" hits="11536" branch="False" />
            <line number="80" hits="11536" branch="True" condition-coverage="100% (2/2)">
              <conditions>
                <condition number="37" type="jump" coverage="100%" />
              </conditions>
            </line>
            <line number="81" hits="11536" branch="False" />
            <line number="82" hits="496" branch="False" />
            <line number="83" hits="11536" branch="False" />
            <line number="84" hits="11536" branch="False" />
            <line number="85" hits="11536" branch="True" condition-coverage="100% (2/2)">
              <conditions>
                <condition number="74" type="jump" coverage="100%" />
              </conditions>
            </line>
            <line number="86" hits="11536" branch="False" />
            <line number="87" hits="1522" branch="False" />
            <line number="88" hits="1522" branch="False" />
            <line number="89" hits="11536" branch="False" />
            <line number="90" hits="11536" branch="False" />
            <line number="91" hits="11536" branch="True" condition-coverage="100% (2/2)">
              <conditions>
                <condition number="140" type="jump" coverage="100%" />
              </conditions>
            </line>
            <line number="92" hits="11536" branch="False" />
            <line number="93" hits="7606" branch="False" />
            <line number="94" hits="7606" branch="False" />
            <line number="95" hits="7606" branch="False" />
            <line number="96" hits="11536" branch="False" />
            <line number="97" hits="23072" branch="False" />
            <line number="98" hits="11536" branch="False" />
            <line number="38" hits="1" branch="False" />
            <line number="39" hits="1" branch="False" />
            <line number="40" hits="1" branch="False" />
            <line number="41" hits="1" branch="False" />
            <line number="42" hits="1" branch="False" />
            <line number="43" hits="1" branch="False" />
            <line number="44" hits="1" branch="False" />
            <line number="45" hits="1" branch="False" />
            <line number="46" hits="1" branch="False" />
            <line number="48" hits="1" branch="False" />
            <line number="49" hits="1" branch="False" />
            <line number="50" hits="1" branch="False" />
            <line number="51" hits="1" branch="False" />
            <line number="52" hits="1" branch="False" />
            <line number="53" hits="1" branch="False" />
            <line number="54" hits="1" branch="False" />
            <line number="55" hits="1" branch="False" />
            <line number="57" hits="1" branch="False" />
            <line number="58" hits="1" branch="False" />
            <line number="59" hits="1" branch="False" />
            <line number="60" hits="1" branch="False" />
            <line number="61" hits="1" branch="False" />
            <line number="62" hits="1" branch="False" />
            <line number="63" hits="1" branch="False" />
            <line number="64" hits="1" branch="False" />
          </lines>
        </class>
        <class name="FluentAssertions.Analyzers.AssertAnalyzer/AnalyzerContext" filename="FluentAssertions.Analyzers\Tips\AssertAnalyzer.cs" line-rate="0.6153" branch-rate="0.6351" complexity="78">
          <methods>
            <method name="get_IsMSTestsAvailable" signature="()" line-rate="1" branch-rate="1" complexity="1">
              <lines>
                <line number="118" hits="11536" branch="False" />
              </lines>
            </method>
            <method name="get_IsNUnitAvailable" signature="()" line-rate="1" branch-rate="1" complexity="1">
              <lines>
                <line number="119" hits="11536" branch="False" />
              </lines>
            </method>
            <method name="get_IsXUnitAvailable" signature="()" line-rate="1" branch-rate="1" complexity="1">
              <lines>
                <line number="120" hits="11536" branch="False" />
              </lines>
            </method>
            <method name="IsMethodExcluded" signature="(Microsoft.CodeAnalysis.Diagnostics.AnalyzerOptions,Microsoft.CodeAnalysis.Operations.IInvocationOperation)" line-rate="0.4" branch-rate="0.25" complexity="12">
              <lines>
                <line number="126" hits="6586" branch="False" />
                <line number="127" hits="6586" branch="True" condition-coverage="50% (1/2)">
                  <conditions>
                    <condition number="18" type="jump" coverage="50%" />
                  </conditions>
                </line>
                <line number="128" hits="0" branch="False" />
                <line number="130" hits="6586" branch="False" />
                <line number="131" hits="6586" branch="True" condition-coverage="50% (1/2)">
                  <conditions>
                    <condition number="36" type="jump" coverage="50%" />
                  </conditions>
                </line>
                <line number="132" hits="0" branch="False" />
                <line number="134" hits="6586" branch="True" condition-coverage="50% (1/2)">
                  <conditions>
                    <condition number="53" type="jump" coverage="50%" />
                  </conditions>
                </line>
                <line number="135" hits="6586" branch="False" />
                <line number="137" hits="0" branch="False" />
                <line number="138" hits="0" branch="True" condition-coverage="0% (0/2)">
                  <conditions>
                    <condition number="149" type="jump" coverage="0%" />
                  </conditions>
                </line>
                <line number="140" hits="0" branch="False" />
                <line number="141" hits="0" branch="True" condition-coverage="0% (0/2)">
                  <conditions>
                    <condition number="136" type="jump" coverage="0%" />
                  </conditions>
                </line>
                <line number="143" hits="0" branch="True" condition-coverage="0% (0/2)">
                  <conditions>
                    <condition number="125" type="jump" coverage="0%" />
                  </conditions>
                </line>
                <line number="144" hits="0" branch="False" />
                <line number="148" hits="0" branch="False" />
              </lines>
            </method>
            <method name="AnalyzeXunitInvocation" signature="(Microsoft.CodeAnalysis.Diagnostics.OperationAnalysisContext)" line-rate="1" branch-rate="1" complexity="4">
              <lines>
                <line number="153" hits="692" branch="False" />
                <line number="154" hits="692" branch="True" condition-coverage="100% (4/4)">
                  <conditions>
                    <condition number="35" type="jump" coverage="100%" />
                    <condition number="51" type="jump" coverage="100%" />
                  </conditions>
                </line>
                <line number="156" hits="344" branch="False" />
                <line number="158" hits="692" branch="False" />
              </lines>
            </method>
            <method name="AnalyzeMsTestInvocation" signature="(Microsoft.CodeAnalysis.Diagnostics.OperationAnalysisContext)" line-rate="1" branch-rate="1" complexity="4">
              <lines>
                <line number="162" hits="3092" branch="False" />
                <line number="163" hits="3092" branch="True" condition-coverage="100% (4/4)">
                  <conditions>
                    <condition number="30" type="jump" coverage="100%" />
                    <condition number="46" type="jump" coverage="100%" />
                  </conditions>
                </line>
                <line number="165" hits="1040" branch="False" />
                <line number="167" hits="3092" branch="False" />
              </lines>
            </method>
            <method name="AnalyzeMsTestThrow" signature="(Microsoft.CodeAnalysis.Diagnostics.OperationAnalysisContext)" line-rate="0" branch-rate="0" complexity="4">
              <lines>
                <line number="171" hits="0" branch="False" />
                <line number="172" hits="0" branch="True" condition-coverage="0% (0/4)">
                  <conditions>
                    <condition number="19" type="jump" coverage="0%" />
                    <condition number="48" type="jump" coverage="0%" />
                  </conditions>
                </line>
                <line number="174" hits="0" branch="False" />
                <line number="176" hits="0" branch="False" />
              </lines>
            </method>
            <method name="AnalyzeNunitInvocation" signature="(Microsoft.CodeAnalysis.Diagnostics.OperationAnalysisContext)" line-rate="1" branch-rate="1" complexity="18">
              <lines>
                <line number="180" hits="16100" branch="False" />
                <line number="181" hits="16100" branch="True" condition-coverage="100% (4/4)">
                  <conditions>
                    <condition number="30" type="jump" coverage="100%" />
                    <condition number="49" type="jump" coverage="100%" />
                  </conditions>
                </line>
                <line number="183" hits="5202" branch="True" condition-coverage="100% (14/14)">
                  <conditions>
                    <condition number="77" type="jump" coverage="100%" />
                    <condition number="90" type="jump" coverage="100%" />
                    <condition number="103" type="jump" coverage="100%" />
                    <condition number="116" type="jump" coverage="100%" />
                    <condition number="129" type="jump" coverage="100%" />
                    <condition number="138" type="jump" coverage="100%" />
                    <condition number="162" type="jump" coverage="100%" />
                  </conditions>
                </line>
                <line number="184" hits="38" branch="False" />
                <line number="186" hits="5164" branch="False" />
                <line number="188" hits="16062" branch="False" />
              </lines>
            </method>
            <method name="AnalyzeNunitDynamicInvocation" signature="(Microsoft.CodeAnalysis.Diagnostics.OperationAnalysisContext)" line-rate="0" branch-rate="0" complexity="8">
              <lines>
                <line number="192" hits="0" branch="False" />
                <line number="194" hits="0" branch="True" condition-coverage="0% (0/2)">
                  <conditions>
                    <condition number="28" type="jump" coverage="0%" />
                  </conditions>
                </line>
                <line number="195" hits="0" branch="False" />
                <line number="197" hits="0" branch="True" condition-coverage="0% (0/4)">
                  <conditions>
                    <condition number="57" type="jump" coverage="0%" />
                    <condition number="74" type="jump" coverage="0%" />
                  </conditions>
                </line>
                <line number="198" hits="0" branch="False" />
                <line number="199" hits="0" branch="False" />
                <line number="200" hits="0" branch="False" />
                <line number="201" hits="0" branch="True" condition-coverage="0% (0/2)">
                  <conditions>
                    <condition number="93" type="jump" coverage="0%" />
                  </conditions>
                </line>
                <line number="203" hits="0" branch="False" />
                <line number="205" hits="0" branch="False" />
              </lines>
            </method>
            <method name="AnalyzeNunitThrow" signature="(Microsoft.CodeAnalysis.Diagnostics.OperationAnalysisContext)" line-rate="0" branch-rate="0" complexity="4">
              <lines>
                <line number="209" hits="0" branch="False" />
                <line number="210" hits="0" branch="True" condition-coverage="0% (0/4)">
                  <conditions>
                    <condition number="19" type="jump" coverage="0%" />
                    <condition number="48" type="jump" coverage="0%" />
                  </conditions>
                </line>
                <line number="212" hits="0" branch="False" />
                <line number="214" hits="0" branch="False" />
              </lines>
            </method>
            <method name="IsMsTestAssertClass" signature="(Microsoft.CodeAnalysis.ITypeSymbol)" line-rate="0.8" branch-rate="0.8332999999999999" complexity="6">
              <lines>
                <line number="218" hits="3092" branch="True" condition-coverage="50% (1/2)">
                  <conditions>
                    <condition number="1" type="jump" coverage="50%" />
                  </conditions>
                </line>
                <line number="219" hits="0" branch="False" />
                <line number="221" hits="3092" branch="True" condition-coverage="100% (4/4)">
                  <conditions>
                    <condition number="17" type="jump" coverage="100%" />
                    <condition number="31" type="jump" coverage="100%" />
                  </conditions>
                </line>
                <line number="222" hits="3092" branch="False" />
                <line number="223" hits="3092" branch="False" />
              </lines>
            </method>
            <method name="IsNunitAssertClass" signature="(Microsoft.CodeAnalysis.ITypeSymbol)" line-rate="0.875" branch-rate="0.9166" complexity="12">
              <lines>
                <line number="228" hits="16100" branch="True" condition-coverage="50% (1/2)">
                  <conditions>
                    <condition number="1" type="jump" coverage="50%" />
                  </conditions>
                </line>
                <line number="229" hits="0" branch="False" />
                <line number="231" hits="16100" branch="True" condition-coverage="100% (10/10)">
                  <conditions>
                    <condition number="17" type="jump" coverage="100%" />
                    <condition number="31" type="jump" coverage="100%" />
                    <condition number="45" type="jump" coverage="100%" />
                    <condition number="59" type="jump" coverage="100%" />
                    <condition number="73" type="jump" coverage="100%" />
                  </conditions>
                </line>
                <line number="232" hits="16100" branch="False" />
                <line number="233" hits="16100" branch="False" />
                <line number="234" hits="16100" branch="False" />
                <line number="235" hits="16100" branch="False" />
                <line number="236" hits="16100" branch="False" />
              </lines>
            </method>
            <method name=".ctor" signature="(Microsoft.CodeAnalysis.Compilation)" line-rate="1" branch-rate="1" complexity="2">
              <lines>
                <line number="100" hits="11536" branch="False" />
                <line number="102" hits="11536" branch="False" />
                <line number="104" hits="11536" branch="False" />
                <line number="105" hits="11536" branch="False" />
                <line number="106" hits="11536" branch="False" />
                <line number="107" hits="11536" branch="False" />
                <line number="109" hits="11536" branch="False" />
                <line number="110" hits="11536" branch="False" />
                <line number="111" hits="11536" branch="True" condition-coverage="100% (2/2)">
                  <conditions>
                    <condition number="179" type="jump" coverage="100%" />
                  </conditions>
                </line>
                <line number="112" hits="11536" branch="False" />
                <line number="113" hits="11536" branch="False" />
                <line number="114" hits="11536" branch="False" />
                <line number="115" hits="11536" branch="False" />
                <line number="116" hits="11536" branch="False" />
              </lines>
            </method>
            <method name=".cctor" signature="()" line-rate="0" branch-rate="1" complexity="1">
              <lines>
                <line number="122" hits="0" branch="False" />
              </lines>
            </method>
          </methods>
          <lines>
            <line number="118" hits="11536" branch="False" />
            <line number="119" hits="11536" branch="False" />
            <line number="120" hits="11536" branch="False" />
            <line number="126" hits="6586" branch="False" />
            <line number="127" hits="6586" branch="True" condition-coverage="50% (1/2)">
              <conditions>
                <condition number="18" type="jump" coverage="50%" />
              </conditions>
            </line>
            <line number="128" hits="0" branch="False" />
            <line number="130" hits="6586" branch="False" />
            <line number="131" hits="6586" branch="True" condition-coverage="50% (1/2)">
              <conditions>
                <condition number="36" type="jump" coverage="50%" />
              </conditions>
            </line>
            <line number="132" hits="0" branch="False" />
            <line number="134" hits="6586" branch="True" condition-coverage="50% (1/2)">
              <conditions>
                <condition number="53" type="jump" coverage="50%" />
              </conditions>
            </line>
            <line number="135" hits="6586" branch="False" />
            <line number="137" hits="0" branch="False" />
            <line number="138" hits="0" branch="True" condition-coverage="0% (0/2)">
              <conditions>
                <condition number="149" type="jump" coverage="0%" />
              </conditions>
            </line>
            <line number="140" hits="0" branch="False" />
            <line number="141" hits="0" branch="True" condition-coverage="0% (0/2)">
              <conditions>
                <condition number="136" type="jump" coverage="0%" />
              </conditions>
            </line>
            <line number="143" hits="0" branch="True" condition-coverage="0% (0/2)">
              <conditions>
                <condition number="125" type="jump" coverage="0%" />
              </conditions>
            </line>
            <line number="144" hits="0" branch="False" />
            <line number="148" hits="0" branch="False" />
            <line number="153" hits="692" branch="False" />
            <line number="154" hits="692" branch="True" condition-coverage="100% (4/4)">
              <conditions>
                <condition number="35" type="jump" coverage="100%" />
                <condition number="51" type="jump" coverage="100%" />
              </conditions>
            </line>
            <line number="156" hits="344" branch="False" />
            <line number="158" hits="692" branch="False" />
            <line number="162" hits="3092" branch="False" />
            <line number="163" hits="3092" branch="True" condition-coverage="100% (4/4)">
              <conditions>
                <condition number="30" type="jump" coverage="100%" />
                <condition number="46" type="jump" coverage="100%" />
              </conditions>
            </line>
            <line number="165" hits="1040" branch="False" />
            <line number="167" hits="3092" branch="False" />
            <line number="171" hits="0" branch="False" />
            <line number="172" hits="0" branch="True" condition-coverage="0% (0/4)">
              <conditions>
                <condition number="19" type="jump" coverage="0%" />
                <condition number="48" type="jump" coverage="0%" />
              </conditions>
            </line>
            <line number="174" hits="0" branch="False" />
            <line number="176" hits="0" branch="False" />
            <line number="180" hits="16100" branch="False" />
            <line number="181" hits="16100" branch="True" condition-coverage="100% (4/4)">
              <conditions>
                <condition number="30" type="jump" coverage="100%" />
                <condition number="49" type="jump" coverage="100%" />
              </conditions>
            </line>
            <line number="183" hits="5202" branch="True" condition-coverage="100% (14/14)">
              <conditions>
                <condition number="77" type="jump" coverage="100%" />
                <condition number="90" type="jump" coverage="100%" />
                <condition number="103" type="jump" coverage="100%" />
                <condition number="116" type="jump" coverage="100%" />
                <condition number="129" type="jump" coverage="100%" />
                <condition number="138" type="jump" coverage="100%" />
                <condition number="162" type="jump" coverage="100%" />
              </conditions>
            </line>
            <line number="184" hits="38" branch="False" />
            <line number="186" hits="5164" branch="False" />
            <line number="188" hits="16062" branch="False" />
            <line number="192" hits="0" branch="False" />
            <line number="194" hits="0" branch="True" condition-coverage="0% (0/2)">
              <conditions>
                <condition number="28" type="jump" coverage="0%" />
              </conditions>
            </line>
            <line number="195" hits="0" branch="False" />
            <line number="197" hits="0" branch="True" condition-coverage="0% (0/4)">
              <conditions>
                <condition number="57" type="jump" coverage="0%" />
                <condition number="74" type="jump" coverage="0%" />
              </conditions>
            </line>
            <line number="198" hits="0" branch="False" />
            <line number="199" hits="0" branch="False" />
            <line number="200" hits="0" branch="False" />
            <line number="201" hits="0" branch="True" condition-coverage="0% (0/2)">
              <conditions>
                <condition number="93" type="jump" coverage="0%" />
              </conditions>
            </line>
            <line number="203" hits="0" branch="False" />
            <line number="205" hits="0" branch="False" />
            <line number="209" hits="0" branch="False" />
            <line number="210" hits="0" branch="True" condition-coverage="0% (0/4)">
              <conditions>
                <condition number="19" type="jump" coverage="0%" />
                <condition number="48" type="jump" coverage="0%" />
              </conditions>
            </line>
            <line number="212" hits="0" branch="False" />
            <line number="214" hits="0" branch="False" />
            <line number="218" hits="3092" branch="True" condition-coverage="50% (1/2)">
              <conditions>
                <condition number="1" type="jump" coverage="50%" />
              </conditions>
            </line>
            <line number="219" hits="0" branch="False" />
            <line number="221" hits="3092" branch="True" condition-coverage="100% (4/4)">
              <conditions>
                <condition number="17" type="jump" coverage="100%" />
                <condition number="31" type="jump" coverage="100%" />
              </conditions>
            </line>
            <line number="222" hits="3092" branch="False" />
            <line number="223" hits="3092" branch="False" />
            <line number="228" hits="16100" branch="True" condition-coverage="50% (1/2)">
              <conditions>
                <condition number="1" type="jump" coverage="50%" />
              </conditions>
            </line>
            <line number="229" hits="0" branch="False" />
            <line number="231" hits="16100" branch="True" condition-coverage="100% (10/10)">
              <conditions>
                <condition number="17" type="jump" coverage="100%" />
                <condition number="31" type="jump" coverage="100%" />
                <condition number="45" type="jump" coverage="100%" />
                <condition number="59" type="jump" coverage="100%" />
                <condition number="73" type="jump" coverage="100%" />
              </conditions>
            </line>
            <line number="232" hits="16100" branch="False" />
            <line number="233" hits="16100" branch="False" />
            <line number="234" hits="16100" branch="False" />
            <line number="235" hits="16100" branch="False" />
            <line number="236" hits="16100" branch="False" />
            <line number="100" hits="11536" branch="False" />
            <line number="102" hits="11536" branch="False" />
            <line number="104" hits="11536" branch="False" />
            <line number="105" hits="11536" branch="False" />
            <line number="106" hits="11536" branch="False" />
            <line number="107" hits="11536" branch="False" />
            <line number="109" hits="11536" branch="False" />
            <line number="110" hits="11536" branch="False" />
            <line number="111" hits="11536" branch="True" condition-coverage="100% (2/2)">
              <conditions>
                <condition number="179" type="jump" coverage="100%" />
              </conditions>
            </line>
            <line number="112" hits="11536" branch="False" />
            <line number="113" hits="11536" branch="False" />
            <line number="114" hits="11536" branch="False" />
            <line number="115" hits="11536" branch="False" />
            <line number="116" hits="11536" branch="False" />
            <line number="122" hits="0" branch="False" />
          </lines>
        </class>
        <class name="FluentAssertions.Analyzers.AsyncVoidAnalyzer" filename="FluentAssertions.Analyzers\Tips\AsyncVoid.cs" line-rate="1" branch-rate="0.95" complexity="23">
          <methods>
            <method name="get_SupportedDiagnostics" signature="()" line-rate="1" branch-rate="1" complexity="1">
              <lines>
                <line number="23" hits="7729" branch="False" />
              </lines>
            </method>
            <method name="Initialize" signature="(Microsoft.CodeAnalysis.Diagnostics.AnalysisContext)" line-rate="1" branch-rate="1" complexity="1">
              <lines>
                <line number="27" hits="5208" branch="False" />
                <line number="28" hits="5208" branch="False" />
                <line number="29" hits="5208" branch="False" />
                <line number="30" hits="5208" branch="False" />
              </lines>
            </method>
            <method name="AnalyzeCodeBlock" signature="(Microsoft.CodeAnalysis.Diagnostics.CodeBlockAnalysisContext)" line-rate="1" branch-rate="1" complexity="8">
              <lines>
                <line number="34" hits="5232" branch="False" />
                <line number="35" hits="5236" branch="True" condition-coverage="100% (2/2)">
                  <conditions>
                    <condition number="14" type="jump" coverage="100%" />
                  </conditions>
                </line>
                <line number="37" hits="5228" branch="True" condition-coverage="100% (2/2)">
                  <conditions>
                    <condition number="23" type="jump" coverage="100%" />
                  </conditions>
                </line>
                <line number="39" hits="10540" branch="True" condition-coverage="100% (2/2)">
                  <conditions>
                    <condition number="93" type="jump" coverage="100%" />
                  </conditions>
                </line>
                <line number="42" hits="70" branch="False" />
                <line number="43" hits="70" branch="True" condition-coverage="100% (2/2)">
                  <conditions>
                    <condition number="77" type="jump" coverage="100%" />
                  </conditions>
                </line>
                <line number="45" hits="8" branch="False" />
                <line number="48" hits="5200" branch="False" />
                <line number="50" hits="28" branch="False" />
              </lines>
            </method>
            <method name="AnalyzeStatement" signature="(Microsoft.CodeAnalysis.SemanticModel,Microsoft.CodeAnalysis.CSharp.Syntax.LocalDeclarationStatementSyntax)" line-rate="1" branch-rate="0.9166" complexity="12">
              <lines>
                <line number="54" hits="70" branch="False" />
                <line number="55" hits="128" branch="True" condition-coverage="75% (3/4)">
                  <conditions>
                    <condition number="35" type="jump" coverage="50%" />
                    <condition number="56" type="jump" coverage="100%" />
                  </conditions>
                </line>
                <line number="57" hits="44" branch="True" condition-coverage="100% (2/2)">
                  <conditions>
                    <condition number="171" type="jump" coverage="100%" />
                  </conditions>
                </line>
                <line number="59" hits="14" branch="True" condition-coverage="100% (2/2)">
                  <conditions>
                    <condition number="98" type="jump" coverage="100%" />
                  </conditions>
                </line>
                <line number="61" hits="14" branch="True" condition-coverage="100% (2/2)">
                  <conditions>
                    <condition number="121" type="jump" coverage="100%" />
                  </conditions>
                </line>
                <line number="63" hits="12" branch="True" condition-coverage="100% (2/2)">
                  <conditions>
                    <condition number="140" type="jump" coverage="100%" />
                  </conditions>
                </line>
                <line number="65" hits="8" branch="False" />
                <line number="69" hits="4" branch="False" />
              </lines>
            </method>
            <method name=".cctor" signature="()" line-rate="1" branch-rate="1" complexity="1">
              <lines>
                <line number="21" hits="1" branch="False" />
              </lines>
            </method>
          </methods>
          <lines>
            <line number="23" hits="7729" branch="False" />
            <line number="27" hits="5208" branch="False" />
            <line number="28" hits="5208" branch="False" />
            <line number="29" hits="5208" branch="False" />
            <line number="30" hits="5208" branch="False" />
            <line number="34" hits="5232" branch="False" />
            <line number="35" hits="5236" branch="True" condition-coverage="100% (2/2)">
              <conditions>
                <condition number="14" type="jump" coverage="100%" />
              </conditions>
            </line>
            <line number="37" hits="5228" branch="True" condition-coverage="100% (2/2)">
              <conditions>
                <condition number="23" type="jump" coverage="100%" />
              </conditions>
            </line>
            <line number="39" hits="10540" branch="True" condition-coverage="100% (2/2)">
              <conditions>
                <condition number="93" type="jump" coverage="100%" />
              </conditions>
            </line>
            <line number="42" hits="70" branch="False" />
            <line number="43" hits="70" branch="True" condition-coverage="100% (2/2)">
              <conditions>
                <condition number="77" type="jump" coverage="100%" />
              </conditions>
            </line>
            <line number="45" hits="8" branch="False" />
            <line number="48" hits="5200" branch="False" />
            <line number="50" hits="28" branch="False" />
            <line number="54" hits="70" branch="False" />
            <line number="55" hits="128" branch="True" condition-coverage="75% (3/4)">
              <conditions>
                <condition number="35" type="jump" coverage="50%" />
                <condition number="56" type="jump" coverage="100%" />
              </conditions>
            </line>
            <line number="57" hits="44" branch="True" condition-coverage="100% (2/2)">
              <conditions>
                <condition number="171" type="jump" coverage="100%" />
              </conditions>
            </line>
            <line number="59" hits="14" branch="True" condition-coverage="100% (2/2)">
              <conditions>
                <condition number="98" type="jump" coverage="100%" />
              </conditions>
            </line>
            <line number="61" hits="14" branch="True" condition-coverage="100% (2/2)">
              <conditions>
                <condition number="121" type="jump" coverage="100%" />
              </conditions>
            </line>
            <line number="63" hits="12" branch="True" condition-coverage="100% (2/2)">
              <conditions>
                <condition number="140" type="jump" coverage="100%" />
              </conditions>
            </line>
            <line number="65" hits="8" branch="False" />
            <line number="69" hits="4" branch="False" />
            <line number="21" hits="1" branch="False" />
          </lines>
        </class>
        <class name="FluentAssertions.Analyzers.AsyncVoidCodeFix" filename="FluentAssertions.Analyzers\Tips\AsyncVoid.cs" line-rate="0" branch-rate="1" complexity="2">
          <methods>
            <method name="get_FixableDiagnosticIds" signature="()" line-rate="0" branch-rate="1" complexity="1">
              <lines>
                <line number="76" hits="0" branch="False" />
              </lines>
            </method>
            <method name="RegisterCodeFixesAsync" signature="(Microsoft.CodeAnalysis.CodeFixes.CodeFixContext)" line-rate="0" branch-rate="1" complexity="1">
              <lines>
                <line number="79" hits="0" branch="False" />
              </lines>
            </method>
          </methods>
          <lines>
            <line number="76" hits="0" branch="False" />
            <line number="79" hits="0" branch="False" />
          </lines>
        </class>
        <class name="FluentAssertions.Analyzers.CodeFixProviderBase`1" filename="FluentAssertions.Analyzers\Tips\CodeFixProviderBase.cs" line-rate="0" branch-rate="1" complexity="1">
          <methods>
            <method name="GetFixAllProvider" signature="()" line-rate="0" branch-rate="1" complexity="1">
              <lines>
                <line number="13" hits="0" branch="False" />
              </lines>
            </method>
          </methods>
          <lines>
            <line number="13" hits="0" branch="False" />
          </lines>
        </class>
        <class name="FluentAssertions.Analyzers.CodeFixProviderBase`1/&lt;RegisterCodeFixesAsync&gt;d__3" filename="FluentAssertions.Analyzers\Tips\CodeFixProviderBase.cs" line-rate="1" branch-rate="1" complexity="8">
          <methods>
            <method name="MoveNext" signature="()" line-rate="1" branch-rate="1" complexity="8">
              <lines>
                <line number="19" hits="2435" branch="False" />
                <line number="20" hits="2435" branch="False" />
                <line number="22" hits="2435" branch="False" />
                <line number="23" hits="9740" branch="True" condition-coverage="100% (2/2)">
                  <conditions>
                    <condition number="437" type="jump" coverage="100%" />
                  </conditions>
                </line>
                <line number="25" hits="2435" branch="False" />
                <line number="26" hits="2435" branch="True" condition-coverage="100% (2/2)">
                  <conditions>
                    <condition number="343" type="jump" coverage="100%" />
                  </conditions>
                </line>
                <line number="31" hits="2435" branch="False" />
                <line number="32" hits="2435" branch="True" condition-coverage="100% (2/2)">
                  <conditions>
                    <condition number="373" type="jump" coverage="100%" />
                  </conditions>
                </line>
                <line number="37" hits="2435" branch="False" />
                <line number="38" hits="2435" branch="True" condition-coverage="100% (2/2)">
                  <conditions>
                    <condition number="396" type="jump" coverage="100%" />
                  </conditions>
                </line>
                <line number="40" hits="2309" branch="False" />
                <line number="43" hits="2435" branch="False" />
              </lines>
            </method>
          </methods>
          <lines>
            <line number="19" hits="2435" branch="False" />
            <line number="20" hits="2435" branch="False" />
            <line number="22" hits="2435" branch="False" />
            <line number="23" hits="9740" branch="True" condition-coverage="100% (2/2)">
              <conditions>
                <condition number="437" type="jump" coverage="100%" />
              </conditions>
            </line>
            <line number="25" hits="2435" branch="False" />
            <line number="26" hits="2435" branch="True" condition-coverage="100% (2/2)">
              <conditions>
                <condition number="343" type="jump" coverage="100%" />
              </conditions>
            </line>
            <line number="31" hits="2435" branch="False" />
            <line number="32" hits="2435" branch="True" condition-coverage="100% (2/2)">
              <conditions>
                <condition number="373" type="jump" coverage="100%" />
              </conditions>
            </line>
            <line number="37" hits="2435" branch="False" />
            <line number="38" hits="2435" branch="True" condition-coverage="100% (2/2)">
              <conditions>
                <condition number="396" type="jump" coverage="100%" />
              </conditions>
            </line>
            <line number="40" hits="2309" branch="False" />
            <line number="43" hits="2435" branch="False" />
          </lines>
        </class>
        <class name="FluentAssertions.Analyzers.DiagnosticMetadata" filename="FluentAssertions.Analyzers\Tips\DiagnosticMetadata.cs" line-rate="1" branch-rate="1" complexity="59">
          <methods>
            <method name="get_Name" signature="()" line-rate="1" branch-rate="1" complexity="1">
              <lines>
                <line number="7" hits="4284" branch="False" />
              </lines>
            </method>
            <method name="get_Message" signature="()" line-rate="1" branch-rate="1" complexity="1">
              <lines>
                <line number="8" hits="4307" branch="False" />
              </lines>
            </method>
            <method name="get_HelpLink" signature="()" line-rate="1" branch-rate="1" complexity="1">
              <lines>
                <line number="9" hits="6796" branch="False" />
              </lines>
            </method>
            <method name="get_CollectionShouldNotBeEmpty_AnyShouldBeTrue" signature="()" line-rate="1" branch-rate="1" complexity="1">
              <lines>
                <line number="18" hits="184" branch="False" />
              </lines>
            </method>
            <method name="get_CollectionShouldBeEmpty_AnyShouldBeFalse" signature="()" line-rate="1" branch-rate="1" complexity="1">
              <lines>
                <line number="19" hits="61" branch="False" />
              </lines>
            </method>
            <method name="get_CollectionShouldContainProperty_AnyWithLambdaShouldBeTrue" signature="()" line-rate="1" branch-rate="1" complexity="1">
              <lines>
                <line number="20" hits="61" branch="False" />
              </lines>
            </method>
            <method name="get_CollectionShouldNotContainProperty_AnyLambdaShouldBeFalse" signature="()" line-rate="1" branch-rate="1" complexity="1">
              <lines>
                <line number="21" hits="49" branch="False" />
              </lines>
            </method>
            <method name="get_CollectionShouldOnlyContainProperty_AllShouldBeTrue" signature="()" line-rate="1" branch-rate="1" complexity="1">
              <lines>
                <line number="22" hits="61" branch="False" />
              </lines>
            </method>
            <method name="get_CollectionShouldContainItem_ContainsShouldBeTrue" signature="()" line-rate="1" branch-rate="1" complexity="1">
              <lines>
                <line number="23" hits="61" branch="False" />
              </lines>
            </method>
            <method name="get_CollectionShouldNotContainItem_ContainsShouldBeFalse" signature="()" line-rate="1" branch-rate="1" complexity="1">
              <lines>
                <line number="24" hits="61" branch="False" />
              </lines>
            </method>
            <method name="get_CollectionShouldHaveCount_CountShouldBe" signature="()" line-rate="1" branch-rate="1" complexity="1">
              <lines>
                <line number="26" hits="127" branch="False" />
              </lines>
            </method>
            <method name="get_CollectionShouldHaveCount_LengthShouldBe" signature="()" line-rate="1" branch-rate="1" complexity="1">
              <lines>
                <line number="27" hits="28" branch="False" />
              </lines>
            </method>
            <method name="get_CollectionShouldHaveCountGreaterThan_CountShouldBeGreaterThan" signature="()" line-rate="1" branch-rate="1" complexity="1">
              <lines>
                <line number="28" hits="61" branch="False" />
              </lines>
            </method>
            <method name="get_CollectionShouldHaveCountGreaterOrEqualTo_CountShouldBeGreaterOrEqualTo" signature="()" line-rate="1" branch-rate="1" complexity="1">
              <lines>
                <line number="29" hits="61" branch="False" />
              </lines>
            </method>
            <method name="get_CollectionShouldHaveCountLessThan_CountShouldBeLessThan" signature="()" line-rate="1" branch-rate="1" complexity="1">
              <lines>
                <line number="30" hits="121" branch="False" />
              </lines>
            </method>
            <method name="get_CollectionShouldHaveCountLessOrEqualTo_CountShouldBeLessOrEqualTo" signature="()" line-rate="1" branch-rate="1" complexity="1">
              <lines>
                <line number="31" hits="121" branch="False" />
              </lines>
            </method>
            <method name="get_CollectionShouldNotHaveCount_CountShouldNotBe" signature="()" line-rate="1" branch-rate="1" complexity="1">
              <lines>
                <line number="32" hits="121" branch="False" />
              </lines>
            </method>
            <method name="get_CollectionShouldContainSingle_ShouldHaveCount1" signature="()" line-rate="1" branch-rate="1" complexity="1">
              <lines>
                <line number="33" hits="91" branch="False" />
              </lines>
            </method>
            <method name="get_CollectionShouldContainSingle_CountShouldBe1" signature="()" line-rate="1" branch-rate="1" complexity="1">
              <lines>
                <line number="34" hits="49" branch="False" />
              </lines>
            </method>
            <method name="get_CollectionShouldContainSingle_CountPropertyShouldBe1" signature="()" line-rate="1" branch-rate="1" complexity="1">
              <lines>
                <line number="35" hits="7" branch="False" />
              </lines>
            </method>
            <method name="get_CollectionShouldBeEmpty_ShouldHaveCount0" signature="()" line-rate="1" branch-rate="1" complexity="1">
              <lines>
                <line number="36" hits="61" branch="False" />
              </lines>
            </method>
            <method name="get_CollectionShouldBeEmpty_CountShouldBe0" signature="()" line-rate="1" branch-rate="1" complexity="1">
              <lines>
                <line number="37" hits="49" branch="False" />
              </lines>
            </method>
            <method name="get_CollectionShouldBeEmpty_CountPropertyShouldBe0" signature="()" line-rate="1" branch-rate="1" complexity="1">
              <lines>
                <line number="38" hits="7" branch="False" />
              </lines>
            </method>
            <method name="get_CollectionShouldHaveSameCount_ShouldHaveCountOtherCollectionCount" signature="()" line-rate="1" branch-rate="1" complexity="1">
              <lines>
                <line number="39" hits="61" branch="False" />
              </lines>
            </method>
            <method name="get_CollectionShouldNotHaveSameCount_CountShouldNotBeOtherCollectionCount" signature="()" line-rate="1" branch-rate="1" complexity="1">
              <lines>
                <line number="40" hits="61" branch="False" />
              </lines>
            </method>
            <method name="get_CollectionShouldContainProperty_WhereShouldNotBeEmpty" signature="()" line-rate="1" branch-rate="1" complexity="1">
              <lines>
                <line number="41" hits="61" branch="False" />
              </lines>
            </method>
            <method name="get_CollectionShouldNotContainProperty_WhereShouldBeEmpty" signature="()" line-rate="1" branch-rate="1" complexity="1">
              <lines>
                <line number="42" hits="49" branch="False" />
              </lines>
            </method>
            <method name="get_CollectionShouldContainSingle_WhereShouldHaveCount1" signature="()" line-rate="1" branch-rate="1" complexity="1">
              <lines>
                <line number="43" hits="55" branch="False" />
              </lines>
            </method>
            <method name="get_CollectionShouldNotContainProperty_ShouldOnlyContainNot" signature="()" line-rate="1" branch-rate="1" complexity="1">
              <lines>
                <line number="44" hits="1" branch="False" />
              </lines>
            </method>
            <method name="get_CollectionShouldNotBeNullOrEmpty_ShouldNotBeNullAndNotBeEmpty" signature="()" line-rate="1" branch-rate="1" complexity="1">
              <lines>
                <line number="45" hits="70" branch="False" />
              </lines>
            </method>
            <method name="get_CollectionShouldNotBeNullOrEmpty_ShouldNotBeEmptyAndNotBeNull" signature="()" line-rate="1" branch-rate="1" complexity="1">
              <lines>
                <line number="46" hits="64" branch="False" />
              </lines>
            </method>
            <method name="get_CollectionShouldHaveElementAt_ElementAtIndexShouldBe" signature="()" line-rate="1" branch-rate="1" complexity="1">
              <lines>
                <line number="47" hits="61" branch="False" />
              </lines>
            </method>
            <method name="get_CollectionShouldHaveElementAt_IndexerShouldBe" signature="()" line-rate="1" branch-rate="1" complexity="1">
              <lines>
                <line number="48" hits="145" branch="False" />
              </lines>
            </method>
            <method name="get_CollectionShouldHaveElementAt_SkipFirstShouldBe" signature="()" line-rate="1" branch-rate="1" complexity="1">
              <lines>
                <line number="49" hits="61" branch="False" />
              </lines>
            </method>
            <method name="get_CollectionShouldBeInAscendingOrder_OrderByShouldEqual" signature="()" line-rate="1" branch-rate="1" complexity="1">
              <lines>
                <line number="50" hits="61" branch="False" />
              </lines>
            </method>
            <method name="get_CollectionShouldBeInDescendingOrder_OrderByDescendingShouldEqual" signature="()" line-rate="1" branch-rate="1" complexity="1">
              <lines>
                <line number="51" hits="61" branch="False" />
              </lines>
            </method>
            <method name="get_CollectionShouldEqualOtherCollectionByComparer_SelectShouldEqualOtherCollectionSelect" signature="()" line-rate="1" branch-rate="1" complexity="1">
              <lines>
                <line number="52" hits="61" branch="False" />
              </lines>
            </method>
            <method name="get_CollectionShouldNotIntersectWith_IntersectShouldBeEmpty" signature="()" line-rate="1" branch-rate="1" complexity="1">
              <lines>
                <line number="53" hits="61" branch="False" />
              </lines>
            </method>
            <method name="get_CollectionShouldIntersectWith_IntersectShouldNotBeEmpty" signature="()" line-rate="1" branch-rate="1" complexity="1">
              <lines>
                <line number="54" hits="61" branch="False" />
              </lines>
            </method>
            <method name="get_CollectionShouldNotContainNulls_SelectShouldNotContainNulls" signature="()" line-rate="1" branch-rate="1" complexity="1">
              <lines>
                <line number="55" hits="19" branch="False" />
              </lines>
            </method>
            <method name="get_CollectionShouldOnlyHaveUniqueItems_ShouldHaveSameCountThisCollectionDistinct" signature="()" line-rate="1" branch-rate="1" complexity="1">
              <lines>
                <line number="56" hits="61" branch="False" />
              </lines>
            </method>
            <method name="get_CollectionShouldOnlyHaveUniqueItemsByComparer_SelectShouldOnlyHaveUniqueItems" signature="()" line-rate="1" branch-rate="1" complexity="1">
              <lines>
                <line number="57" hits="61" branch="False" />
              </lines>
            </method>
            <method name="get_NumericShouldBePositive_ShouldBeGreaterThan" signature="()" line-rate="1" branch-rate="1" complexity="1">
              <lines>
                <line number="59" hits="79" branch="False" />
              </lines>
            </method>
            <method name="get_NumericShouldBeNegative_ShouldBeLessThan" signature="()" line-rate="1" branch-rate="1" complexity="1">
              <lines>
                <line number="60" hits="79" branch="False" />
              </lines>
            </method>
            <method name="get_NumericShouldBeInRange_BeGreaterOrEqualToAndBeLessOrEqualTo" signature="()" line-rate="1" branch-rate="1" complexity="1">
              <lines>
                <line number="61" hits="43" branch="False" />
              </lines>
            </method>
            <method name="get_NumericShouldBeInRange_BeLessOrEqualToAndBeGreaterOrEqualTo" signature="()" line-rate="1" branch-rate="1" complexity="1">
              <lines>
                <line number="62" hits="43" branch="False" />
              </lines>
            </method>
            <method name="get_NumericShouldBeApproximately_MathAbsShouldBeLessOrEqualTo" signature="()" line-rate="1" branch-rate="1" complexity="1">
              <lines>
                <line number="63" hits="40" branch="False" />
              </lines>
            </method>
            <method name="get_StringShouldStartWith_StartsWithShouldBeTrue" signature="()" line-rate="1" branch-rate="1" complexity="1">
              <lines>
                <line number="65" hits="31" branch="False" />
              </lines>
            </method>
            <method name="get_StringShouldEndWith_EndsWithShouldBeTrue" signature="()" line-rate="1" branch-rate="1" complexity="1">
              <lines>
                <line number="66" hits="31" branch="False" />
              </lines>
            </method>
            <method name="get_StringShouldNotBeNullOrEmpty_StringShouldNotBeNullAndNotBeEmpty" signature="()" line-rate="1" branch-rate="1" complexity="1">
              <lines>
                <line number="67" hits="61" branch="False" />
              </lines>
            </method>
            <method name="get_StringShouldNotBeNullOrEmpty_StringShouldNotBeEmptyAndNotBeNull" signature="()" line-rate="1" branch-rate="1" complexity="1">
              <lines>
                <line number="68" hits="61" branch="False" />
              </lines>
            </method>
            <method name="get_StringShouldBeNullOrEmpty_StringIsNullOrEmptyShouldBeTrue" signature="()" line-rate="1" branch-rate="1" complexity="1">
              <lines>
                <line number="69" hits="31" branch="False" />
              </lines>
            </method>
            <method name="get_StringShouldNotBeNullOrEmpty_StringIsNullOrEmptyShouldBeFalse" signature="()" line-rate="1" branch-rate="1" complexity="1">
              <lines>
                <line number="70" hits="31" branch="False" />
              </lines>
            </method>
            <method name="get_StringShouldBeNullOrWhiteSpace_StringIsNullOrWhiteSpaceShouldBeTrue" signature="()" line-rate="1" branch-rate="1" complexity="1">
              <lines>
                <line number="71" hits="61" branch="False" />
              </lines>
            </method>
            <method name="get_StringShouldNotBeNullOrWhiteSpace_StringShouldNotBeNullOrWhiteSpace" signature="()" line-rate="1" branch-rate="1" complexity="1">
              <lines>
                <line number="72" hits="61" branch="False" />
              </lines>
            </method>
            <method name="get_StringShouldHaveLength_LengthShouldBe" signature="()" line-rate="1" branch-rate="1" complexity="1">
              <lines>
                <line number="73" hits="31" branch="False" />
              </lines>
            </method>
            <method name="GetHelpLink" signature="(System.String)" line-rate="1" branch-rate="1" complexity="1">
              <lines>
                <line number="115" hits="74" branch="False" />
              </lines>
            </method>
            <method name=".ctor" signature="(System.String,System.String,System.String)" line-rate="1" branch-rate="1" complexity="1">
              <lines>
                <line number="11" hits="90" branch="False" />
                <line number="13" hits="90" branch="False" />
                <line number="14" hits="90" branch="False" />
                <line number="15" hits="90" branch="False" />
                <line number="16" hits="90" branch="False" />
              </lines>
            </method>
            <method name=".cctor" signature="()" line-rate="1" branch-rate="1" complexity="1">
              <lines>
                <line number="75" hits="1" branch="False" />
                <line number="76" hits="1" branch="False" />
                <line number="77" hits="1" branch="False" />
                <line number="78" hits="1" branch="False" />
                <line number="79" hits="1" branch="False" />
                <line number="80" hits="1" branch="False" />
                <line number="81" hits="1" branch="False" />
                <line number="82" hits="1" branch="False" />
                <line number="84" hits="1" branch="False" />
                <line number="85" hits="1" branch="False" />
                <line number="86" hits="1" branch="False" />
                <line number="87" hits="1" branch="False" />
                <line number="88" hits="1" branch="False" />
                <line number="89" hits="1" branch="False" />
                <line number="90" hits="1" branch="False" />
                <line number="91" hits="1" branch="False" />
                <line number="92" hits="1" branch="False" />
                <line number="93" hits="1" branch="False" />
                <line number="94" hits="1" branch="False" />
                <line number="95" hits="1" branch="False" />
                <line number="96" hits="1" branch="False" />
                <line number="97" hits="1" branch="False" />
                <line number="98" hits="1" branch="False" />
                <line number="99" hits="1" branch="False" />
                <line number="100" hits="1" branch="False" />
                <line number="101" hits="1" branch="False" />
                <line number="102" hits="1" branch="False" />
                <line number="103" hits="1" branch="False" />
                <line number="104" hits="1" branch="False" />
                <line number="105" hits="1" branch="False" />
                <line number="106" hits="1" branch="False" />
                <line number="107" hits="1" branch="False" />
                <line number="109" hits="1" branch="False" />
                <line number="110" hits="1" branch="False" />
                <line number="111" hits="1" branch="False" />
                <line number="112" hits="1" branch="False" />
                <line number="113" hits="1" branch="False" />
              </lines>
            </method>
          </methods>
          <lines>
            <line number="7" hits="4284" branch="False" />
            <line number="8" hits="4307" branch="False" />
            <line number="9" hits="6796" branch="False" />
            <line number="18" hits="184" branch="False" />
            <line number="19" hits="61" branch="False" />
            <line number="20" hits="61" branch="False" />
            <line number="21" hits="49" branch="False" />
            <line number="22" hits="61" branch="False" />
            <line number="23" hits="61" branch="False" />
            <line number="24" hits="61" branch="False" />
            <line number="26" hits="127" branch="False" />
            <line number="27" hits="28" branch="False" />
            <line number="28" hits="61" branch="False" />
            <line number="29" hits="61" branch="False" />
            <line number="30" hits="121" branch="False" />
            <line number="31" hits="121" branch="False" />
            <line number="32" hits="121" branch="False" />
            <line number="33" hits="91" branch="False" />
            <line number="34" hits="49" branch="False" />
            <line number="35" hits="7" branch="False" />
            <line number="36" hits="61" branch="False" />
            <line number="37" hits="49" branch="False" />
            <line number="38" hits="7" branch="False" />
            <line number="39" hits="61" branch="False" />
            <line number="40" hits="61" branch="False" />
            <line number="41" hits="61" branch="False" />
            <line number="42" hits="49" branch="False" />
            <line number="43" hits="55" branch="False" />
            <line number="44" hits="1" branch="False" />
            <line number="45" hits="70" branch="False" />
            <line number="46" hits="64" branch="False" />
            <line number="47" hits="61" branch="False" />
            <line number="48" hits="145" branch="False" />
            <line number="49" hits="61" branch="False" />
            <line number="50" hits="61" branch="False" />
            <line number="51" hits="61" branch="False" />
            <line number="52" hits="61" branch="False" />
            <line number="53" hits="61" branch="False" />
            <line number="54" hits="61" branch="False" />
            <line number="55" hits="19" branch="False" />
            <line number="56" hits="61" branch="False" />
            <line number="57" hits="61" branch="False" />
            <line number="59" hits="79" branch="False" />
            <line number="60" hits="79" branch="False" />
            <line number="61" hits="43" branch="False" />
            <line number="62" hits="43" branch="False" />
            <line number="63" hits="40" branch="False" />
            <line number="65" hits="31" branch="False" />
            <line number="66" hits="31" branch="False" />
            <line number="67" hits="61" branch="False" />
            <line number="68" hits="61" branch="False" />
            <line number="69" hits="31" branch="False" />
            <line number="70" hits="31" branch="False" />
            <line number="71" hits="61" branch="False" />
            <line number="72" hits="61" branch="False" />
            <line number="73" hits="31" branch="False" />
            <line number="115" hits="74" branch="False" />
            <line number="11" hits="90" branch="False" />
            <line number="13" hits="90" branch="False" />
            <line number="14" hits="90" branch="False" />
            <line number="15" hits="90" branch="False" />
            <line number="16" hits="90" branch="False" />
            <line number="75" hits="1" branch="False" />
            <line number="76" hits="1" branch="False" />
            <line number="77" hits="1" branch="False" />
            <line number="78" hits="1" branch="False" />
            <line number="79" hits="1" branch="False" />
            <line number="80" hits="1" branch="False" />
            <line number="81" hits="1" branch="False" />
            <line number="82" hits="1" branch="False" />
            <line number="84" hits="1" branch="False" />
            <line number="85" hits="1" branch="False" />
            <line number="86" hits="1" branch="False" />
            <line number="87" hits="1" branch="False" />
            <line number="88" hits="1" branch="False" />
            <line number="89" hits="1" branch="False" />
            <line number="90" hits="1" branch="False" />
            <line number="91" hits="1" branch="False" />
            <line number="92" hits="1" branch="False" />
            <line number="93" hits="1" branch="False" />
            <line number="94" hits="1" branch="False" />
            <line number="95" hits="1" branch="False" />
            <line number="96" hits="1" branch="False" />
            <line number="97" hits="1" branch="False" />
            <line number="98" hits="1" branch="False" />
            <line number="99" hits="1" branch="False" />
            <line number="100" hits="1" branch="False" />
            <line number="101" hits="1" branch="False" />
            <line number="102" hits="1" branch="False" />
            <line number="103" hits="1" branch="False" />
            <line number="104" hits="1" branch="False" />
            <line number="105" hits="1" branch="False" />
            <line number="106" hits="1" branch="False" />
            <line number="107" hits="1" branch="False" />
            <line number="109" hits="1" branch="False" />
            <line number="110" hits="1" branch="False" />
            <line number="111" hits="1" branch="False" />
            <line number="112" hits="1" branch="False" />
            <line number="113" hits="1" branch="False" />
          </lines>
        </class>
        <class name="FluentAssertions.Analyzers.DocumentEditorUtils" filename="FluentAssertions.Analyzers\Tips\DocumentEditorUtils.cs" line-rate="1" branch-rate="1" complexity="7">
          <methods>
            <method name="RenameMethodToSubjectShouldAssertion" signature="(Microsoft.CodeAnalysis.Operations.IInvocationOperation,Microsoft.CodeAnalysis.CodeFixes.CodeFixContext,System.String,System.Int32,System.Int32[])" line-rate="1" branch-rate="1" complexity="2">
              <lines>
                <line number="18" hits="1652" branch="True" condition-coverage="100% (2/2)">
                  <conditions>
                    <condition number="99" type="jump" coverage="100%" />
                  </conditions>
                </line>
                <line number="19" hits="169" branch="False" />
                <line number="20" hits="1652" branch="False" />
                <line number="21" hits="1652" branch="False" />
              </lines>
            </method>
            <method name="RenameGenericMethodToSubjectShouldGenericAssertion" signature="(Microsoft.CodeAnalysis.Operations.IInvocationOperation,Microsoft.CodeAnalysis.CodeFixes.CodeFixContext,System.String,System.Int32,System.Int32[])" line-rate="1" branch-rate="1" complexity="1">
              <lines>
                <line number="25" hits="20" branch="False" />
              </lines>
            </method>
            <method name="RenameMethodToSubjectShouldGenericAssertion" signature="(Microsoft.CodeAnalysis.Operations.IInvocationOperation,System.Collections.Immutable.ImmutableArray`1&lt;Microsoft.CodeAnalysis.ITypeSymbol&gt;,Microsoft.CodeAnalysis.CodeFixes.CodeFixContext,System.String,System.Int32,System.Int32[])" line-rate="1" branch-rate="1" complexity="2">
              <lines>
                <line number="28" hits="186" branch="True" condition-coverage="100% (2/2)">
                  <conditions>
                    <condition number="99" type="jump" coverage="100%" />
                  </conditions>
                </line>
                <line number="29" hits="73" branch="False" />
                <line number="30" hits="186" branch="False" />
                <line number="31" hits="186" branch="False" />
              </lines>
            </method>
            <method name="RenameMethodToSubjectShouldAssertionWithOptionsLambda" signature="(Microsoft.CodeAnalysis.Operations.IInvocationOperation,Microsoft.CodeAnalysis.CodeFixes.CodeFixContext,System.String,System.Int32,System.Int32)" line-rate="1" branch-rate="1" complexity="1">
              <lines>
                <line number="36" hits="8" branch="False" />
                <line number="37" hits="8" branch="False" />
                <line number="38" hits="8" branch="False" />
                <line number="39" hits="8" branch="False" />
              </lines>
            </method>
            <method name="RewriteExpression" signature="(Microsoft.CodeAnalysis.Operations.IInvocationOperation,System.Action`1&lt;FluentAssertions.Analyzers.EditActionContext&gt;[],Microsoft.CodeAnalysis.CodeFixes.CodeFixContext)" line-rate="1" branch-rate="1" complexity="1">
              <lines>
                <line number="43" hits="1192" branch="False" />
              </lines>
            </method>
          </methods>
          <lines>
            <line number="18" hits="1652" branch="True" condition-coverage="100% (2/2)">
              <conditions>
                <condition number="99" type="jump" coverage="100%" />
              </conditions>
            </line>
            <line number="19" hits="169" branch="False" />
            <line number="20" hits="1652" branch="False" />
            <line number="21" hits="1652" branch="False" />
            <line number="25" hits="20" branch="False" />
            <line number="28" hits="186" branch="True" condition-coverage="100% (2/2)">
              <conditions>
                <condition number="99" type="jump" coverage="100%" />
              </conditions>
            </line>
            <line number="29" hits="73" branch="False" />
            <line number="30" hits="186" branch="False" />
            <line number="31" hits="186" branch="False" />
            <line number="36" hits="8" branch="False" />
            <line number="37" hits="8" branch="False" />
            <line number="38" hits="8" branch="False" />
            <line number="39" hits="8" branch="False" />
            <line number="43" hits="1192" branch="False" />
          </lines>
        </class>
        <class name="FluentAssertions.Analyzers.DocumentEditorUtils/&lt;RewriteExpressionCore&gt;d__5" filename="FluentAssertions.Analyzers\Tips\DocumentEditorUtils.cs" line-rate="1" branch-rate="1" complexity="2">
          <methods>
            <method name="MoveNext" signature="()" line-rate="1" branch-rate="1" complexity="2">
              <lines>
                <line number="47" hits="1519" branch="False" />
                <line number="49" hits="1519" branch="False" />
                <line number="50" hits="1519" branch="False" />
                <line number="52" hits="7760" branch="True" condition-coverage="100% (2/2)">
                  <conditions>
                    <condition number="192" type="jump" coverage="100%" />
                  </conditions>
                </line>
                <line number="54" hits="2361" branch="False" />
                <line number="57" hits="1519" branch="False" />
                <line number="58" hits="1519" branch="False" />
              </lines>
            </method>
          </methods>
          <lines>
            <line number="47" hits="1519" branch="False" />
            <line number="49" hits="1519" branch="False" />
            <line number="50" hits="1519" branch="False" />
            <line number="52" hits="7760" branch="True" condition-coverage="100% (2/2)">
              <conditions>
                <condition number="192" type="jump" coverage="100%" />
              </conditions>
            </line>
            <line number="54" hits="2361" branch="False" />
            <line number="57" hits="1519" branch="False" />
            <line number="58" hits="1519" branch="False" />
          </lines>
        </class>
        <class name="FluentAssertions.Analyzers.EditActionContext" filename="FluentAssertions.Analyzers\Tips\DocumentEditorUtils.cs" line-rate="1" branch-rate="1" complexity="4">
          <methods>
            <method name="get_Editor" signature="()" line-rate="1" branch-rate="1" complexity="1">
              <lines>
                <line number="62" hits="7598" branch="False" />
              </lines>
            </method>
            <method name="get_InvocationExpression" signature="()" line-rate="1" branch-rate="1" complexity="1">
              <lines>
                <line number="63" hits="8261" branch="False" />
              </lines>
            </method>
            <method name="get_FluentAssertion" signature="()" line-rate="1" branch-rate="1" complexity="1">
              <lines>
                <line number="65" hits="1605" branch="False" />
              </lines>
            </method>
            <method name=".ctor" signature="(Microsoft.CodeAnalysis.Editing.DocumentEditor,Microsoft.CodeAnalysis.CSharp.Syntax.InvocationExpressionSyntax)" line-rate="1" branch-rate="1" complexity="1">
              <lines>
                <line number="61" hits="1519" branch="False" />
              </lines>
            </method>
          </methods>
          <lines>
            <line number="62" hits="7598" branch="False" />
            <line number="63" hits="8261" branch="False" />
            <line number="65" hits="1605" branch="False" />
            <line number="61" hits="1519" branch="False" />
          </lines>
        </class>
        <class name="FluentAssertions.Analyzers.CreateEquivalencyAssertionOptionsLambdaAction" filename="FluentAssertions.Analyzers\Tips\Editing\CreateEquivalencyAssertionOptionsLambda.cs" line-rate="1" branch-rate="1" complexity="2">
          <methods>
            <method name="Apply" signature="(Microsoft.CodeAnalysis.Editing.DocumentEditor,Microsoft.CodeAnalysis.CSharp.Syntax.InvocationExpressionSyntax)" line-rate="1" branch-rate="1" complexity="1">
              <lines>
                <line number="13" hits="4" branch="False" />
                <line number="14" hits="4" branch="False" />
                <line number="16" hits="4" branch="False" />
                <line number="17" hits="4" branch="False" />
                <line number="18" hits="4" branch="False" />
              </lines>
            </method>
            <method name=".ctor" signature="(System.Int32)" line-rate="1" branch-rate="1" complexity="1">
              <lines>
                <line number="6" hits="4" branch="False" />
              </lines>
            </method>
          </methods>
          <lines>
            <line number="13" hits="4" branch="False" />
            <line number="14" hits="4" branch="False" />
            <line number="16" hits="4" branch="False" />
            <line number="17" hits="4" branch="False" />
            <line number="18" hits="4" branch="False" />
            <line number="6" hits="4" branch="False" />
          </lines>
        </class>
        <class name="FluentAssertions.Analyzers.EditAction" filename="FluentAssertions.Analyzers\Tips\Editing\EditAction.cs" line-rate="0.9411" branch-rate="1" complexity="7">
          <methods>
            <method name="RemoveNode" signature="(Microsoft.CodeAnalysis.SyntaxNode)" line-rate="0" branch-rate="1" complexity="1">
              <lines>
                <line number="12" hits="0" branch="False" />
              </lines>
            </method>
            <method name="RemoveInvocationArgument" signature="(System.Int32)" line-rate="1" branch-rate="1" complexity="1">
              <lines>
                <line number="15" hits="484" branch="False" />
              </lines>
            </method>
            <method name="SubjectShouldAssertion" signature="(System.Int32,System.String)" line-rate="1" branch-rate="1" complexity="1">
              <lines>
                <line number="18" hits="2848" branch="False" />
              </lines>
            </method>
            <method name="ReplaceAssertionArgument" signature="(System.Int32,System.Func`2&lt;Microsoft.CodeAnalysis.Editing.SyntaxGenerator,Microsoft.CodeAnalysis.SyntaxNode&gt;)" line-rate="1" branch-rate="1" complexity="1">
              <lines>
                <line number="21" hits="248" branch="False" />
                <line number="22" hits="248" branch="False" />
                <line number="23" hits="248" branch="False" />
                <line number="24" hits="248" branch="False" />
                <line number="25" hits="248" branch="False" />
                <line number="26" hits="496" branch="False" />
              </lines>
            </method>
[...]
              </lines>
            </method>
            <method name="XunitAssertion" signature="(System.String,System.String)" line-rate="1" branch-rate="1" complexity="1">
              <lines>
                <line number="216" hits="251" branch="False" />
                <line number="217" hits="251" branch="False" />
                <line number="218" hits="251" branch="False" />
                <line number="219" hits="251" branch="False" />
                <line number="220" hits="251" branch="False" />
                <line number="221" hits="251" branch="False" />
                <line number="222" hits="251" branch="False" />
                <line number="223" hits="251" branch="False" />
                <line number="224" hits="251" branch="False" />
                <line number="225" hits="251" branch="False" />
                <line number="226" hits="251" branch="False" />
                <line number="227" hits="251" branch="False" />
                <line number="228" hits="251" branch="False" />
                <line number="229" hits="251" branch="False" />
                <line number="230" hits="251" branch="False" />
                <line number="231" hits="251" branch="False" />
                <line number="232" hits="251" branch="False" />
                <line number="233" hits="251" branch="False" />
                <line number="234" hits="251" branch="False" />
                <line number="235" hits="251" branch="False" />
              </lines>
            </method>
            <method name="Nunit3Assertion" signature="(System.String,System.String)" line-rate="1" branch-rate="1" complexity="1">
              <lines>
                <line number="237" hits="2310" branch="False" />
                <line number="238" hits="2310" branch="False" />
                <line number="239" hits="2310" branch="False" />
                <line number="240" hits="2310" branch="False" />
                <line number="241" hits="2310" branch="False" />
                <line number="242" hits="2310" branch="False" />
                <line number="243" hits="2310" branch="False" />
                <line number="244" hits="2310" branch="False" />
                <line number="245" hits="2310" branch="False" />
                <line number="246" hits="2310" branch="False" />
                <line number="247" hits="2310" branch="False" />
                <line number="248" hits="2310" branch="False" />
                <line number="249" hits="2310" branch="False" />
                <line number="250" hits="2310" branch="False" />
                <line number="251" hits="2310" branch="False" />
                <line number="252" hits="2310" branch="False" />
                <line number="253" hits="2310" branch="False" />
                <line number="254" hits="2310" branch="False" />
                <line number="255" hits="2310" branch="False" />
                <line number="256" hits="2310" branch="False" />
                <line number="257" hits="2310" branch="False" />
              </lines>
            </method>
            <method name="Nunit4Assertion" signature="(System.String,System.String)" line-rate="1" branch-rate="1" complexity="1">
              <lines>
                <line number="259" hits="1493" branch="False" />
                <line number="260" hits="1493" branch="False" />
                <line number="261" hits="1493" branch="False" />
                <line number="262" hits="1493" branch="False" />
                <line number="263" hits="1493" branch="False" />
                <line number="264" hits="1493" branch="False" />
                <line number="265" hits="1493" branch="False" />
                <line number="266" hits="1493" branch="False" />
                <line number="267" hits="1493" branch="False" />
                <line number="268" hits="1493" branch="False" />
                <line number="269" hits="1493" branch="False" />
                <line number="270" hits="1493" branch="False" />
                <line number="271" hits="1493" branch="False" />
                <line number="272" hits="1493" branch="False" />
                <line number="273" hits="1493" branch="False" />
                <line number="274" hits="1493" branch="False" />
                <line number="275" hits="1493" branch="False" />
                <line number="276" hits="1493" branch="False" />
                <line number="277" hits="1493" branch="False" />
                <line number="278" hits="1493" branch="False" />
                <line number="279" hits="1493" branch="False" />
              </lines>
            </method>
          </methods>
          <lines>
            <line number="8" hits="36" branch="False" />
            <line number="9" hits="36" branch="False" />
            <line number="10" hits="36" branch="False" />
            <line number="11" hits="36" branch="False" />
            <line number="12" hits="0" branch="False" />
            <line number="13" hits="0" branch="False" />
            <line number="15" hits="36" branch="False" />
            <line number="16" hits="36" branch="False" />
            <line number="17" hits="36" branch="False" />
            <line number="18" hits="36" branch="False" />
            <line number="19" hits="36" branch="False" />
            <line number="20" hits="36" branch="False" />
            <line number="21" hits="36" branch="False" />
            <line number="22" hits="36" branch="False" />
            <line number="23" hits="36" branch="False" />
            <line number="24" hits="36" branch="False" />
            <line number="25" hits="36" branch="False" />
            <line number="26" hits="36" branch="False" />
            <line number="27" hits="36" branch="False" />
            <line number="28" hits="36" branch="False" />
            <line number="29" hits="36" branch="False" />
            <line number="30" hits="36" branch="False" />
            <line number="31" hits="36" branch="False" />
            <line number="32" hits="36" branch="False" />
            <line number="33" hits="36" branch="False" />
            <line number="35" hits="1417" branch="False" />
            <line number="36" hits="1417" branch="False" />
            <line number="37" hits="1417" branch="False" />
            <line number="38" hits="1417" branch="False" />
            <line number="39" hits="36" branch="False" />
            <line number="40" hits="36" branch="False" />
            <line number="42" hits="1453" branch="False" />
            <line number="43" hits="1453" branch="False" />
            <line number="44" hits="1453" branch="False" />
            <line number="45" hits="1453" branch="False" />
            <line number="46" hits="1453" branch="False" />
            <line number="47" hits="1453" branch="False" />
            <line number="48" hits="1453" branch="False" />
            <line number="49" hits="1453" branch="False" />
            <line number="50" hits="1453" branch="False" />
            <line number="51" hits="1453" branch="False" />
            <line number="52" hits="1453" branch="False" />
            <line number="53" hits="1453" branch="False" />
            <line number="54" hits="1453" branch="False" />
            <line number="55" hits="1453" branch="False" />
            <line number="56" hits="1453" branch="False" />
            <line number="57" hits="1453" branch="False" />
            <line number="58" hits="1453" branch="False" />
            <line number="59" hits="1453" branch="False" />
            <line number="60" hits="1453" branch="False" />
            <line number="62" hits="6" branch="False" />
            <line number="63" hits="6" branch="False" />
            <line number="64" hits="6" branch="False" />
            <line number="65" hits="6" branch="False" />
            <line number="66" hits="6" branch="False" />
            <line number="67" hits="6" branch="False" />
            <line number="68" hits="6" branch="False" />
            <line number="69" hits="6" branch="False" />
            <line number="70" hits="6" branch="False" />
            <line number="71" hits="6" branch="False" />
            <line number="72" hits="6" branch="False" />
            <line number="73" hits="6" branch="False" />
            <line number="74" hits="6" branch="False" />
            <line number="75" hits="6" branch="False" />
            <line number="76" hits="6" branch="False" />
            <line number="77" hits="6" branch="False" />
            <line number="79" hits="218" branch="False" />
            <line number="80" hits="218" branch="False" />
            <line number="81" hits="218" branch="False" />
            <line number="82" hits="218" branch="False" />
            <line number="83" hits="218" branch="False" />
            <line number="84" hits="218" branch="False" />
            <line number="85" hits="218" branch="False" />
            <line number="86" hits="218" branch="False" />
            <line number="87" hits="218" branch="False" />
            <line number="88" hits="218" branch="False" />
            <line number="89" hits="218" branch="False" />
            <line number="90" hits="218" branch="False" />
            <line number="91" hits="218" branch="False" />
            <line number="92" hits="218" branch="False" />
            <line number="93" hits="218" branch="False" />
            <line number="94" hits="218" branch="False" />
            <line number="95" hits="218" branch="False" />
            <line number="96" hits="218" branch="False" />
            <line number="97" hits="218" branch="False" />
            <line number="98" hits="218" branch="False" />
            <line number="99" hits="218" branch="False" />
            <line number="101" hits="2" branch="False" />
            <line number="103" hits="179" branch="False" />
            <line number="104" hits="179" branch="False" />
            <line number="105" hits="179" branch="False" />
            <line number="106" hits="179" branch="False" />
            <line number="107" hits="179" branch="False" />
            <line number="108" hits="179" branch="False" />
            <line number="109" hits="179" branch="False" />
            <line number="110" hits="179" branch="False" />
            <line number="111" hits="179" branch="False" />
            <line number="112" hits="179" branch="False" />
            <line number="113" hits="179" branch="False" />
            <line number="114" hits="179" branch="False" />
            <line number="115" hits="179" branch="False" />
            <line number="116" hits="179" branch="False" />
            <line number="117" hits="179" branch="False" />
            <line number="119" hits="0" branch="False" />
            <line number="120" hits="0" branch="False" />
            <line number="121" hits="0" branch="False" />
            <line number="122" hits="0" branch="False" />
            <line number="123" hits="0" branch="False" />
            <line number="124" hits="0" branch="False" />
            <line number="125" hits="0" branch="False" />
            <line number="126" hits="0" branch="False" />
            <line number="127" hits="0" branch="False" />
            <line number="128" hits="0" branch="False" />
            <line number="129" hits="0" branch="False" />
            <line number="130" hits="0" branch="False" />
            <line number="131" hits="0" branch="False" />
            <line number="132" hits="0" branch="False" />
            <line number="133" hits="0" branch="False" />
            <line number="135" hits="237" branch="False" />
            <line number="136" hits="237" branch="False" />
            <line number="137" hits="237" branch="False" />
            <line number="138" hits="237" branch="False" />
            <line number="139" hits="237" branch="False" />
            <line number="140" hits="237" branch="False" />
            <line number="141" hits="237" branch="False" />
            <line number="142" hits="237" branch="False" />
            <line number="143" hits="237" branch="False" />
            <line number="144" hits="237" branch="False" />
            <line number="145" hits="237" branch="False" />
            <line number="146" hits="237" branch="False" />
            <line number="147" hits="237" branch="False" />
            <line number="148" hits="237" branch="False" />
            <line number="150" hits="360" branch="False" />
            <line number="151" hits="360" branch="False" />
            <line number="152" hits="360" branch="False" />
            <line number="153" hits="360" branch="False" />
            <line number="154" hits="360" branch="False" />
            <line number="155" hits="360" branch="False" />
            <line number="156" hits="360" branch="False" />
            <line number="157" hits="360" branch="False" />
            <line number="158" hits="360" branch="False" />
            <line number="159" hits="360" branch="False" />
            <line number="160" hits="360" branch="False" />
            <line number="161" hits="360" branch="False" />
            <line number="162" hits="360" branch="False" />
            <line number="163" hits="360" branch="False" />
            <line number="165" hits="6" branch="False" />
            <line number="166" hits="6" branch="False" />
            <line number="167" hits="6" branch="False" />
            <line number="168" hits="6" branch="False" />
            <line number="169" hits="6" branch="False" />
            <line number="170" hits="6" branch="False" />
            <line number="171" hits="6" branch="False" />
            <line number="172" hits="6" branch="False" />
            <line number="173" hits="6" branch="False" />
            <line number="174" hits="6" branch="False" />
            <line number="175" hits="6" branch="False" />
            <line number="176" hits="6" branch="False" />
            <line number="177" hits="6" branch="False" />
            <line number="178" hits="6" branch="False" />
            <line number="179" hits="6" branch="False" />
            <line number="180" hits="6" branch="False" />
            <line number="182" hits="12" branch="False" />
            <line number="183" hits="12" branch="False" />
            <line number="184" hits="12" branch="False" />
            <line number="185" hits="12" branch="False" />
            <line number="186" hits="12" branch="False" />
            <line number="187" hits="12" branch="False" />
            <line number="188" hits="12" branch="False" />
            <line number="189" hits="12" branch="False" />
            <line number="190" hits="12" branch="False" />
            <line number="191" hits="12" branch="False" />
            <line number="192" hits="12" branch="False" />
            <line number="193" hits="12" branch="False" />
            <line number="194" hits="12" branch="False" />
            <line number="195" hits="12" branch="False" />
            <line number="196" hits="12" branch="False" />
            <line number="198" hits="705" branch="False" />
            <line number="199" hits="705" branch="False" />
            <line number="200" hits="705" branch="False" />
            <line number="201" hits="705" branch="False" />
            <line number="202" hits="705" branch="False" />
            <line number="203" hits="705" branch="False" />
            <line number="204" hits="705" branch="False" />
            <line number="205" hits="705" branch="False" />
            <line number="206" hits="705" branch="False" />
            <line number="207" hits="705" branch="False" />
            <line number="208" hits="705" branch="False" />
            <line number="209" hits="705" branch="False" />
            <line number="210" hits="705" branch="False" />
            <line number="211" hits="705" branch="False" />
            <line number="212" hits="705" branch="False" />
            <line number="213" hits="705" branch="False" />
            <line number="214" hits="705" branch="False" />
            <line number="216" hits="251" branch="False" />
            <line number="217" hits="251" branch="False" />
            <line number="218" hits="251" branch="False" />
            <line number="219" hits="251" branch="False" />
            <line number="220" hits="251" branch="False" />
            <line number="221" hits="251" branch="False" />
            <line number="222" hits="251" branch="False" />
            <line number="223" hits="251" branch="False" />
            <line number="224" hits="251" branch="False" />
            <line number="225" hits="251" branch="False" />
            <line number="226" hits="251" branch="False" />
            <line number="227" hits="251" branch="False" />
            <line number="228" hits="251" branch="False" />
            <line number="229" hits="251" branch="False" />
            <line number="230" hits="251" branch="False" />
            <line number="231" hits="251" branch="False" />
            <line number="232" hits="251" branch="False" />
            <line number="233" hits="251" branch="False" />
            <line number="234" hits="251" branch="False" />
            <line number="235" hits="251" branch="False" />
            <line number="237" hits="2310" branch="False" />
            <line number="238" hits="2310" branch="False" />
            <line number="239" hits="2310" branch="False" />
            <line number="240" hits="2310" branch="False" />
            <line number="241" hits="2310" branch="False" />
            <line number="242" hits="2310" branch="False" />
            <line number="243" hits="2310" branch="False" />
            <line number="244" hits="2310" branch="False" />
            <line number="245" hits="2310" branch="False" />
            <line number="246" hits="2310" branch="False" />
            <line number="247" hits="2310" branch="False" />
            <line number="248" hits="2310" branch="False" />
            <line number="249" hits="2310" branch="False" />
            <line number="250" hits="2310" branch="False" />
            <line number="251" hits="2310" branch="False" />
            <line number="252" hits="2310" branch="False" />
            <line number="253" hits="2310" branch="False" />
            <line number="254" hits="2310" branch="False" />
            <line number="255" hits="2310" branch="False" />
            <line number="256" hits="2310" branch="False" />
            <line number="257" hits="2310" branch="False" />
            <line number="259" hits="1493" branch="False" />
            <line number="260" hits="1493" branch="False" />
            <line number="261" hits="1493" branch="False" />
            <line number="262" hits="1493" branch="False" />
            <line number="263" hits="1493" branch="False" />
            <line number="264" hits="1493" branch="False" />
            <line number="265" hits="1493" branch="False" />
            <line number="266" hits="1493" branch="False" />
            <line number="267" hits="1493" branch="False" />
            <line number="268" hits="1493" branch="False" />
            <line number="269" hits="1493" branch="False" />
            <line number="270" hits="1493" branch="False" />
            <line number="271" hits="1493" branch="False" />
            <line number="272" hits="1493" branch="False" />
            <line number="273" hits="1493" branch="False" />
            <line number="274" hits="1493" branch="False" />
            <line number="275" hits="1493" branch="False" />
            <line number="276" hits="1493" branch="False" />
            <line number="277" hits="1493" branch="False" />
            <line number="278" hits="1493" branch="False" />
            <line number="279" hits="1493" branch="False" />
          </lines>
        </class>
      </classes>
    </package>
  </packages>
</coverage>